2026-07-11 17:06:29,354 | INFO    | alumni_store | Navigate -> catalog
2026-07-11 17:06:30,469 | INFO    | alumni_store | Navigate -> cart
2026-07-11 17:06:32,963 | INFO    | alumni_store | Navigate -> catalog
2026-07-11 17:06:33,677 | INFO    | alumni_store | Navigate -> home
2026-07-11 17:07:01,635 | INFO    | alumni_store.chat | Chat ok | intent=track_order | 127 chars
2026-07-11 17:07:01,635 | INFO    | alumni_store.chat | Chat ok | intent=track_order | 127 chars
2026-07-11 17:07:08,233 | INFO    | alumni_store.chat | Chat ok | intent=product_info | 131 chars
2026-07-11 17:07:08,233 | INFO    | alumni_store.chat | Chat ok | intent=product_info | 131 chars
2026-07-11 17:08:01,390 | INFO    | alumni_store.chat | Chat ok | intent=track_order | 131 chars
2026-07-11 17:08:01,390 | INFO    | alumni_store.chat | Chat ok | intent=track_order | 131 chars
2026-07-11 17:10:46,079 | INFO    | alumni_store.chat | Chat ok | intent=recommendation | 223 chars
2026-07-11 17:10:46,079 | INFO    | alumni_store.chat | Chat ok | intent=recommendation | 223 chars
2026-07-12 00:19:00,839 | ERROR   | alumni_store.chat | Chat gateway HTTP error: 404 Client Error: Not Found for url: http://localhost:8000/api/chat
2026-07-12 00:19:00,839 | ERROR   | alumni_store.chat | Chat gateway HTTP error: 404 Client Error: Not Found for url: http://localhost:8000/api/chat
2026-07-12 00:24:49,293 | ERROR   | alumni_store.chat | Chat gateway HTTP error: 404 Client Error: Not Found for url: http://localhost:8000/api/chat
2026-07-12 00:24:49,293 | ERROR   | alumni_store.chat | Chat gateway HTTP error: 404 Client Error: Not Found for url: http://localhost:8000/api/chat
2026-07-12 00:29:13,100 | ERROR   | alumni_store.chat | Chat gateway HTTP error: 422 Client Error: Unprocessable Entity for url: http://localhost:8000/v1/chat
2026-07-12 00:29:13,100 | ERROR   | alumni_store.chat | Chat gateway HTTP error: 422 Client Error: Unprocessable Entity for url: http://localhost:8000/v1/chat
2026-07-12 00:37:54,664 | WARNING | alumni_store.chat | Chat gateway timeout after 10.0s (http://localhost:8000/v1/chat)
2026-07-12 00:37:54,664 | WARNING | alumni_store.chat | Chat gateway timeout after 10.0s (http://localhost:8000/v1/chat)
2026-07-12 00:38:58,702 | INFO    | alumni_store.chat | Chat ok | intent=None | 0 chars
2026-07-12 00:38:58,702 | INFO    | alumni_store.chat | Chat ok | intent=None | 0 chars
2026-07-12 00:39:22,287 | WARNING | alumni_store.chat | Chat gateway timeout after 10.0s (http://localhost:8000/v1/chat)
2026-07-12 00:39:22,287 | WARNING | alumni_store.chat | Chat gateway timeout after 10.0s (http://localhost:8000/v1/chat)
2026-07-12 09:22:56,094 | INFO    | alumni_store | Cart add: P010 x1
2026-07-12 09:23:41,734 | WARNING | alumni_store.chat | Chat gateway timeout after 10.0s (http://localhost:8000/v1/chat)
2026-07-12 09:23:41,734 | WARNING | alumni_store.chat | Chat gateway timeout after 10.0s (http://localhost:8000/v1/chat)
2026-07-12 09:39:56,733 | INFO    | alumni_store | Navigate -> cart
2026-07-12 09:40:01,967 | INFO    | alumni_store | Navigate -> catalog
2026-07-12 09:40:07,382 | INFO    | alumni_store | Navigate -> home
2026-07-12 09:43:18,126 | WARNING | alumni_store.chat | Chat gateway timeout after 10.0s (http://localhost:8000/v1/chat)
2026-07-12 09:43:18,126 | WARNING | alumni_store.chat | Chat gateway timeout after 10.0s (http://localhost:8000/v1/chat)
2026-07-12 22:24:59,379 | INFO    | alumni_store | Navigate -> catalog
2026-07-12 22:26:37,492 | INFO    | alumni_store | Navigate -> catalog
2026-07-12 22:27:50,903 | INFO    | alumni_store | Navigate -> catalog
2026-07-12 22:29:14,065 | WARNING | alumni_store.chat | Chat gateway unreachable (http://localhost:8000/v1/chat)
2026-07-12 22:29:14,065 | WARNING | alumni_store.chat | Chat gateway unreachable (http://localhost:8000/v1/chat)
2026-07-12 22:31:53,520 | WARNING | alumni_store.chat | Chat gateway unreachable (http://localhost:8000/v1/chat)
2026-07-12 22:31:53,520 | WARNING | alumni_store.chat | Chat gateway unreachable (http://localhost:8000/v1/chat)
2026-07-12 22:41:57,513 | INFO    | alumni_store.login | Login ok | user_id=alumni_demo_42
2026-07-12 22:41:57,513 | INFO    | alumni_store.login | Login ok | user_id=alumni_demo_42
2026-07-12 22:42:00,288 | INFO    | alumni_store.chat | Chat ok | intent=track_order | 127 chars
2026-07-12 22:42:00,288 | INFO    | alumni_store.chat | Chat ok | intent=track_order | 127 chars
2026-07-12 22:42:02,596 | INFO    | alumni_store | Navigate -> profile
2026-07-12 22:44:06,745 | INFO    | alumni_store.login | Login ok | user_id=vikas
2026-07-12 22:44:06,745 | INFO    | alumni_store.login | Login ok | user_id=vikas
2026-07-12 22:45:00,683 | WARNING | alumni_store.chat | Chat gateway unreachable (http://localhost:8000/v1/chat)
2026-07-12 22:45:00,683 | WARNING | alumni_store.chat | Chat gateway unreachable (http://localhost:8000/v1/chat)
2026-07-12 22:45:09,800 | WARNING | alumni_store.chat | Chat gateway unreachable (http://localhost:8000/v1/chat)
2026-07-12 22:45:09,800 | WARNING | alumni_store.chat | Chat gateway unreachable (http://localhost:8000/v1/chat)
2026-07-12 22:47:57,852 | WARNING | alumni_store.chat | Chat gateway unreachable (http://localhost:8000/v1/chat)
2026-07-12 22:47:57,852 | WARNING | alumni_store.chat | Chat gateway unreachable (http://localhost:8000/v1/chat)
2026-07-12 22:52:30,338 | INFO    | alumni_store.login | Login ok | user_id=vikas
2026-07-12 22:52:30,338 | INFO    | alumni_store.login | Login ok | user_id=vikas
2026-07-12 22:52:34,644 | WARNING | alumni_store.chat | Chat gateway unreachable (http://localhost:8000/api/v1/chat)
2026-07-12 22:52:34,644 | WARNING | alumni_store.chat | Chat gateway unreachable (http://localhost:8000/api/v1/chat)
2026-07-12 23:03:15,005 | DEBUG   | alumni_store.chat | Sending message to test-url: {'session_id': 'x'}
2026-07-12 23:03:15,005 | DEBUG   | alumni_store.chat | Sending message to test-url: {'session_id': 'x'}
2026-07-12 23:04:10,016 | INFO    | alumni_store.login | Login ok | user_id=vikas
2026-07-12 23:04:10,016 | INFO    | alumni_store.login | Login ok | user_id=vikas
2026-07-12 23:04:13,462 | DEBUG   | alumni_store.chat | Sending message to http://localhost:8000/api/v1/chat: {'session_id': 'c78d3c03-efd3-42c3-b34c-4bdd95930305', 'user_id': 'vikas', 'text': 'Where is order IISC202600145?', 'device_type': 'desktop'}
2026-07-12 23:04:13,462 | DEBUG   | alumni_store.chat | Sending message to http://localhost:8000/api/v1/chat: {'session_id': 'c78d3c03-efd3-42c3-b34c-4bdd95930305', 'user_id': 'vikas', 'text': 'Where is order IISC202600145?', 'device_type': 'desktop'}
2026-07-12 23:04:13,469 | WARNING | alumni_store.chat | Chat gateway unreachable (http://localhost:8000/api/v1/chat)
2026-07-12 23:04:13,469 | WARNING | alumni_store.chat | Chat gateway unreachable (http://localhost:8000/api/v1/chat)
2026-07-12 23:07:05,110 | DEBUG   | alumni_store.chat | Sending message to http://localhost:8000/api/v1/chat: {'session_id': 'c78d3c03-efd3-42c3-b34c-4bdd95930305', 'user_id': 'vikas', 'text': 'Where is order IISC202600145?', 'device_type': 'desktop'}
2026-07-12 23:07:05,110 | DEBUG   | alumni_store.chat | Sending message to http://localhost:8000/api/v1/chat: {'session_id': 'c78d3c03-efd3-42c3-b34c-4bdd95930305', 'user_id': 'vikas', 'text': 'Where is order IISC202600145?', 'device_type': 'desktop'}
2026-07-12 23:07:05,126 | INFO    | alumni_store.chat | Chat ok | intent=track_order | 127 chars
2026-07-12 23:07:05,126 | INFO    | alumni_store.chat | Chat ok | intent=track_order | 127 chars
2026-07-12 23:07:34,656 | DEBUG   | alumni_store.chat | Sending message to http://localhost:8000/api/v1/chat: {'session_id': 'c78d3c03-efd3-42c3-b34c-4bdd95930305', 'user_id': 'vikas', 'text': 'Do you have hoodi?', 'device_type': 'desktop'}
2026-07-12 23:07:34,656 | DEBUG   | alumni_store.chat | Sending message to http://localhost:8000/api/v1/chat: {'session_id': 'c78d3c03-efd3-42c3-b34c-4bdd95930305', 'user_id': 'vikas', 'text': 'Do you have hoodi?', 'device_type': 'desktop'}
2026-07-12 23:07:34,666 | INFO    | alumni_store.chat | Chat ok | intent=fallback | 165 chars
2026-07-12 23:07:34,666 | INFO    | alumni_store.chat | Chat ok | intent=fallback | 165 chars
2026-07-12 23:07:48,216 | DEBUG   | alumni_store.chat | Sending message to http://localhost:8000/api/v1/chat: {'session_id': 'c78d3c03-efd3-42c3-b34c-4bdd95930305', 'user_id': 'vikas', 'text': 'Where is my order?', 'device_type': 'desktop'}
2026-07-12 23:07:48,216 | DEBUG   | alumni_store.chat | Sending message to http://localhost:8000/api/v1/chat: {'session_id': 'c78d3c03-efd3-42c3-b34c-4bdd95930305', 'user_id': 'vikas', 'text': 'Where is my order?', 'device_type': 'desktop'}
2026-07-12 23:07:48,228 | INFO    | alumni_store.chat | Chat ok | intent=track_order | 131 chars
2026-07-12 23:07:48,228 | INFO    | alumni_store.chat | Chat ok | intent=track_order | 131 chars
2026-07-12 23:08:12,898 | DEBUG   | alumni_store.chat | Sending message to http://localhost:8000/api/v1/chat: {'session_id': 'c78d3c03-efd3-42c3-b34c-4bdd95930305', 'user_id': 'vikas', 'text': 'Where is my order 123?', 'device_type': 'desktop'}
2026-07-12 23:08:12,898 | DEBUG   | alumni_store.chat | Sending message to http://localhost:8000/api/v1/chat: {'session_id': 'c78d3c03-efd3-42c3-b34c-4bdd95930305', 'user_id': 'vikas', 'text': 'Where is my order 123?', 'device_type': 'desktop'}
2026-07-12 23:08:12,903 | INFO    | alumni_store.chat | Chat ok | intent=track_order | 131 chars
2026-07-12 23:08:12,903 | INFO    | alumni_store.chat | Chat ok | intent=track_order | 131 chars
2026-07-12 23:08:34,832 | DEBUG   | alumni_store.chat | Sending message to http://localhost:8000/api/v1/chat: {'session_id': 'c78d3c03-efd3-42c3-b34c-4bdd95930305', 'user_id': 'vikas', 'text': 'Hello', 'device_type': 'desktop'}
2026-07-12 23:08:34,832 | DEBUG   | alumni_store.chat | Sending message to http://localhost:8000/api/v1/chat: {'session_id': 'c78d3c03-efd3-42c3-b34c-4bdd95930305', 'user_id': 'vikas', 'text': 'Hello', 'device_type': 'desktop'}
2026-07-12 23:08:34,839 | INFO    | alumni_store.chat | Chat ok | intent=greeting | 144 chars
2026-07-12 23:08:34,839 | INFO    | alumni_store.chat | Chat ok | intent=greeting | 144 chars
